<?xml version="1.0" encoding="UTF-8"?>
<testsuite xmlns:xsi="http://www.w3.org/2001/XMLSchema-instance" xsi:noNamespaceSchemaLocation="https://maven.apache.org/surefire/maven-surefire-plugin/xsd/surefire-test-report.xsd" name="com.ecommerce.microcommerce.MicrocommerceApplicationTests" time="3.943" tests="2" errors="0" skipped="0" failures="1">
  <properties>
[...]
</properties>
  <testcase name="listerToutesLesVoituresFonctionne" classname="com.ecommerce.microcommerce.MicrocommerceApplicationTests" time="0.456">
    <failure message="expected: &lt;[{&quot;id&quot;: 1,&quot;modèle&quot;: &quot;Polo&quot;,&quot;marque&quot;: &quot;Volkswagen&quot;, &quot;couleur&quot;: &quot;Rouge flash&quot; },{&quot;id&quot;: 2, &quot;modèle&quot;: &quot;Vanquish&quot;, &quot;marque&quot;: &quot;Aston Martin&quot;, &quot;couleur&quot;: &quot;Gris&quot;},{&quot;id&quot;: 3, &quot;modèle&quot;: &quot;Impreza&quot;, &quot;marque&quot;: &quot;Subaru&quot;, &quot;couleur&quot;: &quot;Pimpée&quot;},{&quot;id&quot;: 4, &quot;modèle&quot;: &quot;Gallardo&quot;, &quot;marque&quot;: &quot;Lamborghini&quot;, &quot;couleur&quot;: &quot;Carbone&quot;},{&quot;id&quot;: 5, &quot;modèle&quot;: &quot;Camaro&quot;, &quot;marque&quot;: &quot;Chevrolet&quot;, &quot;couleur&quot;: &quot;Jaune&quot;}]&gt; but was: &lt;[{&quot;id&quot;:1,&quot;modèle&quot;:&quot;Polo&quot;,&quot;marque&quot;:&quot;Volkswagen&quot;,&quot;couleur&quot;:&quot;Rouge flash&quot;},{&quot;id&quot;:2,&quot;modèle&quot;:&quot;Vanquish&quot;,&quot;marque&quot;:&quot;Aston Martin&quot;,&quot;couleur&quot;:&quot;Gris&quot;},{&quot;id&quot;:3,&quot;modèle&quot;:&quot;Impreza&quot;,&quot;marque&quot;:&quot;Subaru&quot;,&quot;couleur&quot;:&quot;Pimpée&quot;},{&quot;id&quot;:4,&quot;modèle&quot;:&quot;Gallardo&quot;,&quot;marque&quot;:&quot;Lamborghini&quot;,&quot;couleur&quot;:&quot;Carbone&quot;},{&quot;id&quot;:5,&quot;modèle&quot;:&quot;Camaro&quot;,&quot;marque&quot;:&quot;Chevrolet&quot;,&quot;couleur&quot;:&quot;Jaune&quot;}]&gt;" type="org.opentest4j.AssertionFailedError"><![CDATA[org.opentest4j.AssertionFailedError: expected: <[{"id": 1,"modèle": "Polo","marque": "Volkswagen", "couleur": "Rouge flash" },{"id": 2, "modèle": "Vanquish", "marque": "Aston Martin", "couleur": "Gris"},{"id": 3, "modèle": "Impreza", "marque": "Subaru", "couleur": "Pimpée"},{"id": 4, "modèle": "Gallardo", "marque": "Lamborghini", "couleur": "Carbone"},{"id": 5, "modèle": "Camaro", "marque": "Chevrolet", "couleur": "Jaune"}]> but was: <[{"id":1,"modèle":"Polo","marque":"Volkswagen","couleur":"Rouge flash"},{"id":2,"modèle":"Vanquish","marque":"Aston Martin","couleur":"Gris"},{"id":3,"modèle":"Impreza","marque":"Subaru","couleur":"Pimpée"},{"id":4,"modèle":"Gallardo","marque":"Lamborghini","couleur":"Carbone"},{"id":5,"modèle":"Camaro","marque":"Chevrolet","couleur":"Jaune"}]>
	at com.ecommerce.microcommerce.MicrocommerceApplicationTests.listerToutesLesVoituresFonctionne(MicrocommerceApplicationTests.java:28)
]]></failure>
    <system-out><![CDATA[11:40:30.080 [main] DEBUG org.springframework.test.context.BootstrapUtils - Instantiating CacheAwareContextLoaderDelegate from class [org.springframework.test.context.cache.DefaultCacheAwareContextLoaderDelegate]
11:40:30.096 [main] DEBUG org.springframework.test.context.BootstrapUtils - Instantiating BootstrapContext using constructor [public org.springframework.test.context.support.DefaultBootstrapContext(java.lang.Class,org.springframework.test.context.CacheAwareContextLoaderDelegate)]
11:40:30.128 [main] DEBUG org.springframework.test.context.BootstrapUtils - Instantiating TestContextBootstrapper for test class [com.ecommerce.microcommerce.MicrocommerceApplicationTests] from class [org.springframework.boot.test.context.SpringBootTestContextBootstrapper]
11:40:30.137 [main] INFO org.springframework.boot.test.context.SpringBootTestContextBootstrapper - Neither @ContextConfiguration nor @ContextHierarchy found for test class [com.ecommerce.microcommerce.MicrocommerceApplicationTests], using SpringBootContextLoader
11:40:30.140 [main] DEBUG org.springframework.test.context.support.AbstractContextLoader - Did not detect default resource location for test class [com.ecommerce.microcommerce.MicrocommerceApplicationTests]: class path resource [com/ecommerce/microcommerce/MicrocommerceApplicationTests-context.xml] does not exist
11:40:30.141 [main] DEBUG org.springframework.test.context.support.AbstractContextLoader - Did not detect default resource location for test class [com.ecommerce.microcommerce.MicrocommerceApplicationTests]: class path resource [com/ecommerce/microcommerce/MicrocommerceApplicationTestsContext.groovy] does not exist
11:40:30.141 [main] INFO org.springframework.test.context.support.AbstractContextLoader - Could not detect default resource locations for test class [com.ecommerce.microcommerce.MicrocommerceApplicationTests]: no resource found for suffixes {-context.xml, Context.groovy}.
11:40:30.142 [main] INFO org.springframework.test.context.support.AnnotationConfigContextLoaderUtils - Could not detect default configuration classes for test class [com.ecommerce.microcommerce.MicrocommerceApplicationTests]: MicrocommerceApplicationTests does not declare any static, non-private, non-final, nested classes annotated with @Configuration.
11:40:30.177 [main] DEBUG org.springframework.test.context.support.ActiveProfilesUtils - Could not find an 'annotation declaring class' for annotation type [org.springframework.test.context.ActiveProfiles] and class [com.ecommerce.microcommerce.MicrocommerceApplicationTests]
11:40:30.231 [main] DEBUG org.springframework.context.annotation.ClassPathScanningCandidateComponentProvider - Identified candidate component class: file [F:\Boulot_formation\campus\IntelliJ\java_avance\microcommerce\target\classes\com\ecommerce\microcommerce\MicrocommerceApplication.class]
11:40:30.233 [main] INFO org.springframework.boot.test.context.SpringBootTestContextBootstrapper - Found @SpringBootConfiguration com.ecommerce.microcommerce.MicrocommerceApplication for test class com.ecommerce.microcommerce.MicrocommerceApplicationTests
11:40:30.318 [main] DEBUG org.springframework.boot.test.context.SpringBootTestContextBootstrapper - @TestExecutionListeners is not present for class [com.ecommerce.microcommerce.MicrocommerceApplicationTests]: using defaults.
11:40:30.319 [main] INFO org.springframework.boot.test.context.SpringBootTestContextBootstrapper - Loaded default TestExecutionListener class names from location [META-INF/spring.factories]: [org.springframework.boot.test.mock.mockito.MockitoTestExecutionListener, org.springframework.boot.test.mock.mockito.ResetMocksTestExecutionListener, org.springframework.boot.test.autoconfigure.restdocs.RestDocsTestExecutionListener, org.springframework.boot.test.autoconfigure.web.client.MockRestServiceServerResetTestExecutionListener, org.springframework.boot.test.autoconfigure.web.servlet.MockMvcPrintOnlyOnFailureTestExecutionListener, org.springframework.boot.test.autoconfigure.web.servlet.WebDriverTestExecutionListener, org.springframework.boot.test.autoconfigure.webservices.client.MockWebServiceServerTestExecutionListener, org.springframework.test.context.web.ServletTestExecutionListener, org.springframework.test.context.support.DirtiesContextBeforeModesTestExecutionListener, org.springframework.test.context.support.DependencyInjectionTestExecutionListener, org.springframework.test.context.support.DirtiesContextTestExecutionListener, org.springframework.test.context.transaction.TransactionalTestExecutionListener, org.springframework.test.context.jdbc.SqlScriptsTestExecutionListener, org.springframework.test.context.event.EventPublishingTestExecutionListener]
11:40:30.329 [main] DEBUG org.springframework.boot.test.context.SpringBootTestContextBootstrapper - Skipping candidate TestExecutionListener [org.springframework.test.context.transaction.TransactionalTestExecutionListener] due to a missing dependency. Specify custom listener classes or make the default listener classes and their required dependencies available. Offending class: [org/springframework/transaction/interceptor/TransactionAttributeSource]
11:40:30.329 [main] DEBUG org.springframework.boot.test.context.SpringBootTestContextBootstrapper - Skipping candidate TestExecutionListener [org.springframework.test.context.jdbc.SqlScriptsTestExecutionListener] due to a missing dependency. Specify custom listener classes or make the default listener classes and their required dependencies available. Offending class: [org/springframework/transaction/interceptor/TransactionAttribute]
11:40:30.329 [main] INFO org.springframework.boot.test.context.SpringBootTestContextBootstrapper - Using TestExecutionListeners: [org.springframework.test.context.web.ServletTestExecutionListener@2d36e77e, org.springframework.test.context.support.DirtiesContextBeforeModesTestExecutionListener@61c9c3fd, org.springframework.boot.test.mock.mockito.MockitoTestExecutionListener@3b0c9195, org.springframework.boot.test.autoconfigure.SpringBootDependencyInjectionTestExecutionListener@366c4480, org.springframework.test.context.support.DirtiesContextTestExecutionListener@2c7b5824, org.springframework.test.context.event.EventPublishingTestExecutionListener@302a07d, org.springframework.boot.test.mock.mockito.ResetMocksTestExecutionListener@5cdd09b1, org.springframework.boot.test.autoconfigure.restdocs.RestDocsTestExecutionListener@8c11eee, org.springframework.boot.test.autoconfigure.web.client.MockRestServiceServerResetTestExecutionListener@7e8dcdaa, org.springframework.boot.test.autoconfigure.web.servlet.MockMvcPrintOnlyOnFailureTestExecutionListener@681a8b4e, org.springframework.boot.test.autoconfigure.web.servlet.WebDriverTestExecutionListener@5cbe877d, org.springframework.boot.test.autoconfigure.webservices.client.MockWebServiceServerTestExecutionListener@5c08c46a]
11:40:30.333 [main] DEBUG org.springframework.test.context.support.AbstractDirtiesContextTestExecutionListener - Before test class: context [DefaultTestContext@2101b44a testClass = MicrocommerceApplicationTests, testInstance = [null], testMethod = [null], testException = [null], mergedContextConfiguration = [WebMergedContextConfiguration@2cc3ad05 testClass = MicrocommerceApplicationTests, locations = '{}', classes = '{class com.ecommerce.microcommerce.MicrocommerceApplication}', contextInitializerClasses = '[]', activeProfiles = '{}', propertySourceLocations = '{}', propertySourceProperties = '{org.springframework.boot.test.context.SpringBootTestContextBootstrapper=true, server.port=0}', contextCustomizers = set[org.springframework.boot.test.context.filter.ExcludeFilterContextCustomizer@18317edc, org.springframework.boot.test.json.DuplicateJsonObjectContextCustomizerFactory$DuplicateJsonObjectContextCustomizer@4b86805d, org.springframework.boot.test.mock.mockito.MockitoContextCustomizer@0, org.springframework.boot.test.web.client.TestRestTemplateContextCustomizer@33f676f6, org.springframework.boot.test.web.reactive.server.WebTestClientContextCustomizer@81d9a72, org.springframework.boot.test.autoconfigure.actuate.metrics.MetricsExportContextCustomizerFactory$DisableMetricExportContextCustomizer@13df2a8c, org.springframework.boot.test.autoconfigure.properties.PropertyMappingContextCustomizer@0, org.springframework.boot.test.autoconfigure.web.servlet.WebDriverContextCustomizerFactory$Customizer@57a3e26a, org.springframework.boot.test.context.SpringBootTestArgs@1, org.springframework.boot.test.context.SpringBootTestWebEnvironment@31d7b7bf], resourceBasePath = 'src/main/webapp', contextLoader = 'org.springframework.boot.test.context.SpringBootContextLoader', parent = [null]], attributes = map['org.springframework.test.context.web.ServletTestExecutionListener.activateListener' -> false]], class annotated with @DirtiesContext [false] with mode [null].
11:40:30.346 [main] DEBUG org.springframework.test.context.support.DependencyInjectionTestExecutionListener - Performing dependency injection for test context [[DefaultTestContext@2101b44a testClass = MicrocommerceApplicationTests, testInstance = com.ecommerce.microcommerce.MicrocommerceApplicationTests@2f05be7f, testMethod = [null], testException = [null], mergedContextConfiguration = [WebMergedContextConfiguration@2cc3ad05 testClass = MicrocommerceApplicationTests, locations = '{}', classes = '{class com.ecommerce.microcommerce.MicrocommerceApplication}', contextInitializerClasses = '[]', activeProfiles = '{}', propertySourceLocations = '{}', propertySourceProperties = '{org.springframework.boot.test.context.SpringBootTestContextBootstrapper=true, server.port=0}', contextCustomizers = set[org.springframework.boot.test.context.filter.ExcludeFilterContextCustomizer@18317edc, org.springframework.boot.test.json.DuplicateJsonObjectContextCustomizerFactory$DuplicateJsonObjectContextCustomizer@4b86805d, org.springframework.boot.test.mock.mockito.MockitoContextCustomizer@0, org.springframework.boot.test.web.client.TestRestTemplateContextCustomizer@33f676f6, org.springframework.boot.test.web.reactive.server.WebTestClientContextCustomizer@81d9a72, org.springframework.boot.test.autoconfigure.actuate.metrics.MetricsExportContextCustomizerFactory$DisableMetricExportContextCustomizer@13df2a8c, org.springframework.boot.test.autoconfigure.properties.PropertyMappingContextCustomizer@0, org.springframework.boot.test.autoconfigure.web.servlet.WebDriverContextCustomizerFactory$Customizer@57a3e26a, org.springframework.boot.test.context.SpringBootTestArgs@1, org.springframework.boot.test.context.SpringBootTestWebEnvironment@31d7b7bf], resourceBasePath = 'src/main/webapp', contextLoader = 'org.springframework.boot.test.context.SpringBootContextLoader', parent = [null]], attributes = map['org.springframework.test.context.web.ServletTestExecutionListener.activateListener' -> false]]].
11:40:30.367 [main] DEBUG org.springframework.test.context.support.TestPropertySourceUtils - Adding inlined properties to environment: {spring.jmx.enabled=false, org.springframework.boot.test.context.SpringBootTestContextBootstrapper=true, server.port=0}

  .   ____          _            __ _ _
 /\\ / ___'_ __ _ _(_)_ __  __ _ \ \ \ \
( ( )\___ | '_ | '_| | '_ \/ _` | \ \ \ \
 \\/  ___)| |_)| | | | | || (_| |  ) ) ) )
  '  |____| .__|_| |_|_| |_\__, | / / / /
 =========|_|==============|___/=/_/_/_/
 :: Spring Boot ::                (v2.4.0)

2020-12-11 11:40:30.641  INFO 11664 --- [           main] c.e.m.MicrocommerceApplicationTests      : Starting MicrocommerceApplicationTests using Java 11.0.9 on DESKTOP-54NLQ7Q with PID 11664 (started by magic in F:\Boulot_formation\campus\IntelliJ\java_avance\microcommerce)
2020-12-11 11:40:30.645  INFO 11664 --- [           main] c.e.m.MicrocommerceApplicationTests      : No active profile set, falling back to default profiles: default
2020-12-11 11:40:32.142  INFO 11664 --- [           main] o.s.b.w.embedded.tomcat.TomcatWebServer  : Tomcat initialized with port(s): 0 (http)
2020-12-11 11:40:32.152  INFO 11664 --- [           main] o.apache.catalina.core.StandardService   : Starting service [Tomcat]
2020-12-11 11:40:32.153  INFO 11664 --- [           main] org.apache.catalina.core.StandardEngine  : Starting Servlet engine: [Apache Tomcat/9.0.39]
2020-12-11 11:40:32.256  INFO 11664 --- [           main] o.a.c.c.C.[Tomcat].[localhost].[/]       : Initializing Spring embedded WebApplicationContext
2020-12-11 11:40:32.257  INFO 11664 --- [           main] w.s.c.ServletWebServerApplicationContext : Root WebApplicationContext: initialization completed in 1589 ms
2020-12-11 11:40:33.025  INFO 11664 --- [           main] o.s.s.concurrent.ThreadPoolTaskExecutor  : Initializing ExecutorService 'applicationTaskExecutor'
2020-12-11 11:40:33.272  INFO 11664 --- [           main] o.s.b.w.embedded.tomcat.TomcatWebServer  : Tomcat started on port(s): 61984 (http) with context path ''
2020-12-11 11:40:33.502  INFO 11664 --- [           main] c.e.m.MicrocommerceApplicationTests      : Started MicrocommerceApplicationTests in 3.133 seconds (JVM running for 4.024)
2020-12-11 11:40:33.891  INFO 11664 --- [o-auto-1-exec-1] o.a.c.c.C.[Tomcat].[localhost].[/]       : Initializing Spring DispatcherServlet 'dispatcherServlet'
2020-12-11 11:40:33.891  INFO 11664 --- [o-auto-1-exec-1] o.s.web.servlet.DispatcherServlet        : Initializing Servlet 'dispatcherServlet'
2020-12-11 11:40:33.893  INFO 11664 --- [o-auto-1-exec-1] o.s.web.servlet.DispatcherServlet        : Completed initialization in 2 ms
]]></system-out>
  </testcase>
  <testcase name="contextLoads" classname="com.ecommerce.microcommerce.MicrocommerceApplicationTests" time="0.001"/>
</testsuite>